20130811-101306 $pomodoroName→Interruption tracking
20130811-112853 Declutter→Landmark research
20130811-122953 2Z-Quality statistics across Ops/Analytics/AM>>Import JIRA data from Oops and MG→Revise Pomodoro breaks
20130812-114543 2Z-Check for JIRAs generated by email>>Have a meeting with the OTC people→Investigating JIRA bulk updates
20130812-122136 4Z-Kickstart finding a new place to live by October>>Respond Monday→Logmein Pa en Ma
20130812-172600 4Z-Kickstart finding a new place to live by October>>Respond Monday→Adium repairing
20130812-173258 4Z-Kickstart finding a new place to live by October>>Respond Monday→Reviewing Visio charts
20130813-063955 06h30 Up, coffee, Beeminder, Sports Clothes, Blessings +rout→Keychain repair
20130813-071453 07h00 Running, pushups, plank, meditate and/or stretches +rout→Wonga research
20130813-104313 Robbie app: find JIRAs without campaign ID→Wireless headphones
20130813-131136 4Z-Kickstart finding a new place to live by October>>New ads Monday→Ops summit followup
20130813-132348 4Z-Kickstart finding a new place to live by October>>New ads Monday→DisplayMaid Workspaces
20130813-160728 Interview Corry Edwards→Hack Sparrow
20130815-070139 06h30 Up, coffee, Beeminder, Sports Clothes, Blessings +rout→Mstb
20130815-132630 Robbie→Investigating Nissan
20130817-104410 10h00 Weigh, reward, prep lunch, mindful breakfast +rout→Restoring iPhone
20130817-190710 Do laundry: put in washer +8hcr→Jira hacking
20130817-190907 Do laundry: put in washer +8hcr→Get podcasts on
20130817-203550 RED USD010 yijingtarot +beem +0.13 within 0 days→Jackd debugging
20130817-205045 RED USD090 pushups +beem +1.93 within 0 days→Work.com
20130817-213513 RED USD010 yijingtarot +beem +0.13 within 0 days→Figlet/Toilet investigation
20130818-110901 10h00 Weigh, reward, prep lunch, mindful breakfast +rout→Getting PivotalBooster out of PromptForPomodoro
20130818-123326 11h45 Brush teeth, shave, shower, dress +rout→Jira
20130819-070757 06h30 Up, coffee, Beeminder, Sports Clothes, Blessings +rout→Add_daily hacking: firing every minute
20130820-072726 06h30 Up, coffee, Beeminder, Sports Clothes, Blessings +rout→Distracted by email and work.com
20130820-072801 06h30 Up, coffee, Beeminder, Sports Clothes, Blessings +rout→Hiding Sparrow during Pomodoro
20130820-074719 07h00 Running, pushups, plank, meditate and/or stretches +rout→JIRA followup
20130820-102456 Centro Ashville escalation +2cri→Reprioritizing Pivotal
20130820-153557 BeeScraper.rb +7lvr→Beescraper
20130821-221244 UNKNOWN USD010 written +beem +700 within 0 days→Was doing email
20130823-073814 07h30 Weigh, reward, mindful breakfast +rout→Starting on Robbie's Jira closing
20130824-214220 UNKNOWN USD000 it +beem +3.29 within 0 days→Music
20130824-214654 UNKNOWN USD000 it +beem +3.29 within 0 days→Apple
20130824-214755 UNKNOWN USD000 it +beem +3.29 within 0 days→One more
20130824-214800 UNKNOWN USD000 it +beem +3.29 within 0 days→One more
20130824-214805 UNKNOWN USD000 it +beem +3.29 within 0 days→One more
20130824-214809 UNKNOWN USD000 it +beem +3.29 within 0 days→One more
20130824-215853 RED USD010 yijingtarot +beem +0.11 within 0 days→Economist reading
20130824-220346 RED USD010 yijingtarot +beem +0.11 within 0 days→Updating Workflowy
20130824-222236 Beeminder update→Distracted by JIRA query
20130824-222309 Beeminder update→CloseUnused active again
20130824-223821 RED USD005 homecare +beem +49.29 within 0 days→Got distracted by SaneBox already :/
20130825-075358 09h30 Up, coffee, Beeminder, PositiveWorkDiary +rout→DSE Web site
20130825-075405 09h30 Up, coffee, Beeminder, PositiveWorkDiary +rout→Dishes
20130825-075415 09h30 Up, coffee, Beeminder, PositiveWorkDiary +rout→Getting a t-shirt
20130825-080259 09h30 Up, coffee, Beeminder, PositiveWorkDiary +rout→White board matrix about conversation tools
20130826-063930 06h30 Up, coffee, Beeminder, Sports Clothes, Blessings +rout→Espresso machines
20130826-070323 07h00 Running, pushups, plank, meditate and/or stretches +rout→Email Doug re Robbie
20130826-103153 RED USD090 blogging +beem +0.036 within 0 days→Distracted by urgent JIRA
20130827-075733 07h30 Weigh, reward, mindful breakfast +rout→Location updating for Downcast
20130827-075741 07h30 Weigh, reward, mindful breakfast +rout→Geektool interruptions
20130827-222028 Administration→Checking out Jabra speaker
20130828-122823 3Z-Robbie rollout for RFA>>Sent out to frontline people for comments +3qpi→Sanebox
20130828-153218 3Z-Work.com midyear review>>Complete other peer feedback requests +5cpy→Still reading up on Dashing
20130828-153937 3Z-Work.com midyear review>>Complete other peer feedback requests +5cpy→Keep being distracted by Dashing
20130828-154032 3Z-Work.com midyear review>>Complete other peer feedback requests +5cpy→Pixel crawler
20130829-080414 07h30 Weigh, reward, mindful breakfast +rout→Email
20130829-081330 07h30 Weigh, reward, mindful breakfast +rout→Another email session
20130829-084634 08h00 Brush teeth, shave, shower, dress +rout→Email again
20130830-064601 06h30 Up, coffee, Beeminder, Sports Clothes, Blessings +rout→Emails
20130830-115746 3Z-Move task list to Jira board>>Update workflow +5cpy→Cancel Mad Dawg
20130831-131529 Concierge and laundry +rout→Klipfolio review
20130831-152726 RED USD090 meditate +beem +1.86 within 0 days→Wanted to check HRPassport why only $5000
20130903-083030 08h00 Brush teeth, shave, shower, dress +rout→Email
20131012-105019 10h00 Weigh, reward, prep lunch, mindful breakfast +rout→Hacking Yammer
20131012-144509 Wash bed clothes and towels>>Put it in the dryer +8hcr→Facebooking
20131013-103854 10h30 Brush teeth, shave, shower, dress +rout→Amazon fakir mat
20131031-110259 Analyze dealdesk data #56982804>>Get dollars currently open  +4cri→Trying to solve for icalBuddy
20131102-154102 Clean up laundry #60030662 +9hcr→JIRA for exporting as CSV
20131105-090439 Analyze dealdesk data #56982804>>Get list of cases  +4cri→Yammering
20131123-101416 10h30 Brush teeth, shave, shower, dress +rout→Google Shopping Express, checking out Ducksboard
20131123-102156 10h30 Brush teeth, shave, shower, dress +rout→Spotify music
20131123-120051 Launder sheets and towels #61339868>>Throw sheets and towels into the laundry machine  +9hcr→Dashing and Batman
20131207-165747 Pull Salesforce opportunity #62104898>>Write initial code  +0icf→Have to update all the rubygem bundles :(
20140112-165540 Sendable CV for Aki #63376088>>Education  +5lvr→Reviewing work.com
20140302-184324 Weigh, shave, shower, dress +rout→Got stuck in feedback on 15Five
20140302-184344 Weigh, shave, shower, dress +rout→Finding out Pomodoro keyboard shortcuts
20140302-184414 Weigh, shave, shower, dress +rout→Switching on music
20140304-213230 RED USD005 taxprep +beem +2.29 in 0 days (7.29)→Checking email
20140307-102318 09h45 15Five Weekly Report Due→Surveyplanet survey
20140325-202725 Book PTO +rout→Email
20140401-112811 Replicate JIRA importing functionality #68512836>>Key fields imported  +2.icf→Emailing in general
